<?xml version="1.0" encoding="UTF-8"?>
<testsuite name="com.ninos.blackjack.model.SuitTest" tests="1" skipped="0" failures="0" errors="0" timestamp="2022-09-08T23:09:58" hostname="DESKTOP-48FO1OF" time="0.021">
  <properties/>
  <testcase name="heartPrintsHeart()" classname="com.ninos.blackjack.model.SuitTest" time="0.021"/>
  <system-out><![CDATA[]]></system-out>
  <system-err><![CDATA[]]></system-err>
</testsuite>
